C51 COMPILER V9.60.0.0   MAIN                                                              04/02/2022 16:54:11 PAGE 1   


C51 COMPILER V9.60.0.0, COMPILATION OF MODULE MAIN
OBJECT MODULE PLACED IN .\Objects\main.obj
COMPILER INVOKED BY: C:\Keil_v5\C51\BIN\C51.EXE main.c OPTIMIZE(8,SPEED) BROWSE DEBUG OBJECTEXTEND PRINT(.\Listings\main
                    -.lst) TABS(2) OBJECT(.\Objects\main.obj)

line level    source

   1          #include <at89c5131.h>
   2          #include "endsem.h"
   3          
   4          char S_str[5]= {49,48,48,48,48};   //String for Balance Sita
   5          char G_str[5] = {49,48,48,48,48};  //String for Balance Gita
   6          char a_str[5] = {0,0,0,0,0};
   7          char n500_s[2]= {0,0};    // STRING FOR 500RS NOTE
   8          char n100_s[2]= {0,0};    // STRING FOR 100RS NOTE
   9          
  10          char password[5] = {0,0,0,0,0} ;   //PASSWORD ARRAY
  11          //Main function
  12          
  13          //-------------------------------------------------
  14          void main(void)
  15          {
  16   1          uart_init();            // Please finish this function in endsem.h 
  17   1          while (1)
  18   1          {
  19   2            // YOUR CODE GOES HERE
  20   2            unsigned char ch = 0;
  21   2            unsigned char acc_no = 0;
  22   2            unsigned char val1 = 0;
  23   2            unsigned char val2 = 0;
  24   2            unsigned int i;
  25   2            unsigned int money1 = 0;
  26   2            unsigned int money2 = 0;
  27   2            int balance = 0;
  28   2            unsigned int n500 = 0;
  29   2            unsigned int n100 = 0;
  30   2            // Initial State
  31   2            transmit_string("Press A for Account display and W for withdrawing cash\r\n");
  32   2            ch = receive_char();
  33   2            if (ch == 'a' | ch == 'A'){
  34   3              // Account Display
  35   3              transmit_string("Hello, Please enter Account Number\r\n");
  36   3              acc_no = receive_char();
  37   3              if (acc_no == '1'){
  38   4                // Sita
  39   4                transmit_string("Account Holder: Sita\r\n");
  40   4                transmit_string("Account Balance: ");
  41   4                //transmit_string(S_str);
  42   4                for(i=0;i<5;i++){transmit_char(S_str[i]);}
  43   4                transmit_string("\r\n");
  44   4              }
  45   3              else if (acc_no == '2'){
  46   4                // Gita
  47   4                transmit_string("Account Holder: Gita\r\n");
  48   4                transmit_string("Account Balance: ");
  49   4                //transmit_string(G_str);
  50   4                for(i=0;i<5;i++){transmit_char(G_str[i]);}
  51   4                transmit_string("\r\n");
  52   4              }
  53   3              else{
  54   4                transmit_string("No such account, please enter valid details\r\n");
C51 COMPILER V9.60.0.0   MAIN                                                              04/02/2022 16:54:11 PAGE 2   

  55   4              }   
  56   3            }
  57   2            else if (ch == 'w' | ch == 'W'){
  58   3              // Withdraw Cash
  59   3              transmit_string("Withdraw state, enter account number\r\n");
  60   3              acc_no = receive_char();
  61   3              if (acc_no == '1' | acc_no == '2'){
  62   4                // Sita or Gita
  63   4                if (acc_no == '1'){
  64   5                  // Sita
  65   5                  transmit_string("Account Holder: Sita\r\n");
  66   5                  transmit_string("Account Balance: ");
  67   5                  for(i=0;i<5;i++){transmit_char(S_str[i]); a_str[i] = S_str[i];}
  68   5                  transmit_string("\r\n");
  69   5                }
  70   4                else{
  71   5                  // Gita
  72   5                  transmit_string("Account Holder: Gita\r\n");
  73   5                  transmit_string("Account Balance: ");
  74   5                  for(i=0;i<5;i++){transmit_char(G_str[i]); a_str[i] = G_str[i];}
  75   5                  transmit_string("\r\n");
  76   5                }
  77   4                
  78   4                transmit_string("Enter Amount, in hundreds\r\n");
  79   4                val1 = receive_char();
  80   4                val2 = receive_char();
  81   4                if((val1 >= 48 && val1 <= 57) && (val2 >=48 && val2 <=57)){
  82   5                  // Valid Amount
  83   5                  if(val1 > a_str[1] && a_str[0] == 48){
  84   6                    transmit_string("Insufficient Funds\r\n");
  85   6                  }
  86   5                  else if(val1 == a_str[1] && val2 > a_str[2] && a_str[0] == 48){
  87   6                    transmit_string("Insufficient Funds\r\n");
  88   6                  }
  89   5                  else{
  90   6                    // Transaction Possible
  91   6                    money1 = money1 + (a_str[0]-48)*10000;
  92   6                    money1 = money1 + (a_str[1]-48)*1000;
  93   6                    money1 = money1 + (a_str[2]-48)*100;
  94   6                    money1 = money1 + (a_str[3]-48)*10;
  95   6                    money1 = money1 + (a_str[4]-48)*1;
  96   6                    money2 = (val1 - 48)*1000 + (val2 - 48)*100;
  97   6                    //money1 = money1 - money2;
  98   6                    balance = money1-money2;
  99   6                    transmit_string("Remaining Balance: ");
 100   6                    int_to_string(balance, a_str);
 101   6                    for(i=0;i<5;i++){transmit_char(a_str[i]);}
 102   6                    transmit_string("\r\n");
 103   6                    transmit_string("500 Notes: ");
 104   6                    n500 = (val1 - 48)*2 + (val2 - 48)/5;
 105   6                    n100 = (val2 - 48)%5;
 106   6                    n500_s[0] = 48 + n500/10;
 107   6                    n500_s[1] = 48 + n500%10;
 108   6                    n100_s[0] = 48;
 109   6                    n100_s[1] = 48 + n100;
 110   6                    
 111   6                    
 112   6                    for(i=0;i<2;i++){transmit_char(n500_s[i]);}
 113   6                    transmit_string(", 100 Notes: ");
 114   6                    for(i=0;i<2;i++){transmit_char(n100_s[i]);}
 115   6                    transmit_string("\r\n");
 116   6                  }
C51 COMPILER V9.60.0.0   MAIN                                                              04/02/2022 16:54:11 PAGE 3   

 117   5                }
 118   4                else{transmit_string("Invalid Amount\r\n");}
 119   4              }
 120   3              else{
 121   4                transmit_string("No such account, please enter valid details\r\n");
 122   4              }   
 123   3              if (acc_no == '1'){
 124   4                for(i=0;i<5;i++){S_str[i] = a_str[i];}
 125   4              }
 126   3              else{
 127   4                for(i=0;i<5;i++){G_str[i] = a_str[i];}
 128   4              }
 129   3            }
 130   2            else{
 131   3                // Invalid Entry
 132   3            }
 133   2          }
 134   1      }
 135          
 136          


MODULE INFORMATION:   STATIC OVERLAYABLE
   CODE SIZE        =   1435    ----
   CONSTANT SIZE    =    358    ----
   XDATA SIZE       =   ----    ----
   PDATA SIZE       =   ----    ----
   DATA SIZE        =     24      29
   IDATA SIZE       =   ----    ----
   BIT SIZE         =      2    ----
END OF MODULE INFORMATION.


C51 COMPILATION COMPLETE.  0 WARNING(S),  0 ERROR(S)
